<?xml version="1.0" encoding="UTF-8"?>
<!-- Generated by org.testng.reporters.JUnitReportReporter -->
<testsuite skipped="0" hostname="MSI" name="Test.AddEmployeeTest" tests="1" failures="0" timestamp="2022-05-16T22:16:18 EDT" time="19.564" errors="0">
  <testcase name="addEmployee" time="19.564" classname="Test.AddEmployeeTest"/>
  <system-out/>
</testsuite> <!-- Test.AddEmployeeTest -->
